<?xml version="1.0" encoding="utf-8"?><testsuites name="pytest tests"><testsuite name="pytest" errors="0" failures="0" skipped="0" tests="23" time="53.634" timestamp="2026-07-08T19:13:48.141332+00:00" hostname="agent-env-434eee6e-bad1-43f6-a620-687362a08d8d"><testcase classname="tests.backend_test.TestReferenceData" name="test_root" time="0.155" /><testcase classname="tests.backend_test.TestIncidents" name="test_medical_triage" time="2.761" /><testcase classname="tests.backend_test.TestReferenceData" name="test_venues" time="0.047" /><testcase classname="tests.backend_test.TestReferenceData" name="test_matches" time="0.049" /><testcase classname="tests.backend_test.TestCrowd" name="test_crowd_snapshot" time="0.048" /><testcase classname="tests.backend_test.TestCrowd" name="test_crowd_deterministic_within_30s" time="0.088" /><testcase classname="tests.backend_test.TestCrowd" name="test_crowd_404" time="0.047" /><testcase classname="tests.backend_test.TestConcierge" name="test_sse_stream_english" time="13.199" /><testcase classname="tests.backend_test.TestIncidents" name="test_lost_item_triage" time="5.707" /><testcase classname="tests.backend_test.TestIncidents" name="test_empty_description_422" time="0.050" /><testcase classname="tests.backend_test.TestIncidents" name="test_unknown_venue_404" time="0.158" /><testcase classname="tests.backend_test.TestIncidents" name="test_list_incidents" time="0.048" /><testcase classname="tests.backend_test.TestIncidents" name="test_list_incidents_filter" time="0.044" /><testcase classname="tests.backend_test.TestIncidents" name="test_patch_status" time="0.087" /><testcase classname="tests.backend_test.TestIncidents" name="test_patch_unknown_404" time="0.045" /><testcase classname="tests.backend_test.TestTransport" name="test_transport" time="16.445" /><testcase classname="tests.backend_test.TestConcierge" name="test_sse_spanish" time="15.940" /><testcase classname="tests.backend_test.TestTransport" name="test_transport_accessibility_excludes_bike" time="8.647" /><testcase classname="tests.backend_test.TestConcierge" name="test_history_endpoint" time="0.050" /><testcase classname="tests.backend_test.TestOpsInsights" name="test_ops_insights" time="10.375" /><testcase classname="tests.backend_test.TestSustainability" name="test_sustainability" time="0.049" /><testcase classname="tests.backend_test.TestAccessibility" name="test_route" time="11.525" /><testcase classname="tests.backend_test.TestSustainabilityInsights" name="test_insights" time="13.026" /></testsuite></testsuites>